2025-04-23 16:49:41 - INFO - [restartedMain] c.c.codeWise.CodeWiseApplication - Starting CodeWiseApplication using Java 21.0.4 with PID 73525 (/Users/andreafusella/Desktop/Desktop/Progetti/CodeWise-Be/target/classes started by andreafusella in /Users/andreafusella/Desktop/Desktop/Progetti/CodeWise-Be)
2025-04-23 16:49:41 - INFO - [restartedMain] c.c.codeWise.CodeWiseApplication - No active profile set, falling back to 1 default profile: "default"
2025-04-23 16:49:41 - INFO - [restartedMain] o.s.b.d.e.DevToolsPropertyDefaultsPostProcessor - Devtools property defaults active! Set 'spring.devtools.add-properties' to 'false' to disable
2025-04-23 16:49:41 - INFO - [restartedMain] o.s.b.d.e.DevToolsPropertyDefaultsPostProcessor - For additional web related logging consider setting the 'logging.level.web' property to 'DEBUG'
2025-04-23 16:49:41 - INFO - [restartedMain] o.s.d.r.c.RepositoryConfigurationDelegate - Bootstrapping Spring Data JPA repositories in DEFAULT mode.
2025-04-23 16:49:41 - INFO - [restartedMain] o.s.d.r.c.RepositoryConfigurationDelegate - Finished Spring Data repository scanning in 26 ms. Found 11 JPA repository interfaces.
2025-04-23 16:49:41 - INFO - [restartedMain] o.s.b.w.e.tomcat.TomcatWebServer - Tomcat initialized with port 8000 (http)
2025-04-23 16:49:41 - INFO - [restartedMain] o.a.catalina.core.StandardService - Starting service [Tomcat]
2025-04-23 16:49:41 - INFO - [restartedMain] o.a.catalina.core.StandardEngine - Starting Servlet engine: [Apache Tomcat/10.1.39]
2025-04-23 16:49:41 - INFO - [restartedMain] o.a.c.c.C.[Tomcat].[localhost].[/] - Initializing Spring embedded WebApplicationContext
2025-04-23 16:49:41 - INFO - [restartedMain] o.s.b.w.s.c.ServletWebServerApplicationContext - Root WebApplicationContext: initialization completed in 598 ms
2025-04-23 16:49:41 - INFO - [restartedMain] o.h.jpa.internal.util.LogHelper - HHH000204: Processing PersistenceUnitInfo [name: default]
2025-04-23 16:49:41 - INFO - [restartedMain] org.hibernate.Version - HHH000412: Hibernate ORM core version 6.6.11.Final
2025-04-23 16:49:41 - INFO - [restartedMain] o.h.c.i.RegionFactoryInitiator - HHH000026: Second-level cache disabled
2025-04-23 16:49:42 - INFO - [restartedMain] o.s.o.j.p.SpringPersistenceUnitInfo - No LoadTimeWeaver setup: ignoring JPA class transformer
2025-04-23 16:49:42 - INFO - [restartedMain] com.zaxxer.hikari.HikariDataSource - HikariPool-1 - Starting...
2025-04-23 16:49:42 - INFO - [restartedMain] com.zaxxer.hikari.pool.HikariPool - HikariPool-1 - Added connection org.postgresql.jdbc.PgConnection@2659342a
2025-04-23 16:49:42 - INFO - [restartedMain] com.zaxxer.hikari.HikariDataSource - HikariPool-1 - Start completed.
2025-04-23 16:49:42 - WARN - [restartedMain] org.hibernate.orm.deprecation - HHH90000025: PostgreSQLDialect does not need to be specified explicitly using 'hibernate.dialect' (remove the property setting and it will be selected by default)
2025-04-23 16:49:42 - INFO - [restartedMain] o.hibernate.orm.connections.pooling - HHH10001005: Database info:
	Database JDBC URL [Connecting through datasource 'HikariDataSource (HikariPool-1)']
	Database driver: undefined/unknown
	Database version: 17.2
	Autocommit mode: undefined/unknown
	Isolation level: undefined/unknown
	Minimum pool size: undefined/unknown
	Maximum pool size: undefined/unknown
2025-04-23 16:49:42 - INFO - [restartedMain] o.h.e.t.j.p.i.JtaPlatformInitiator - HHH000489: No JTA platform available (set 'hibernate.transaction.jta.platform' to enable JTA platform integration)
2025-04-23 16:49:42 - INFO - [restartedMain] o.s.o.j.LocalContainerEntityManagerFactoryBean - Initialized JPA EntityManagerFactory for persistence unit 'default'
2025-04-23 16:49:43 - INFO - [restartedMain] o.s.d.j.r.query.QueryEnhancerFactory - Hibernate is in classpath; If applicable, HQL parser will be used.
2025-04-23 16:49:43 - WARN - [restartedMain] o.s.b.a.o.j.JpaBaseConfiguration$JpaWebConfiguration - spring.jpa.open-in-view is enabled by default. Therefore, database queries may be performed during view rendering. Explicitly configure spring.jpa.open-in-view to disable this warning
2025-04-23 16:49:43 - INFO - [restartedMain] o.s.v.b.OptionalValidatorFactoryBean - Failed to set up a Bean Validation provider: jakarta.validation.NoProviderFoundException: Unable to create a Configuration, because no Jakarta Bean Validation provider could be found. Add a provider like Hibernate Validator (RI) to your classpath.
2025-04-23 16:49:43 - INFO - [restartedMain] o.s.b.d.a.OptionalLiveReloadServer - LiveReload server is running on port 35729
2025-04-23 16:49:43 - INFO - [restartedMain] o.s.b.w.e.tomcat.TomcatWebServer - Tomcat started on port 8000 (http) with context path '/'
2025-04-23 16:49:43 - INFO - [restartedMain] c.c.codeWise.CodeWiseApplication - Started CodeWiseApplication in 2.683 seconds (process running for 2.942)
2025-04-23 16:50:09 - INFO - [http-nio-8000-exec-1] o.a.c.c.C.[Tomcat].[localhost].[/] - Initializing Spring DispatcherServlet 'dispatcherServlet'
2025-04-23 16:50:09 - INFO - [http-nio-8000-exec-1] o.s.web.servlet.DispatcherServlet - Initializing Servlet 'dispatcherServlet'
2025-04-23 16:50:09 - INFO - [http-nio-8000-exec-1] o.s.web.servlet.DispatcherServlet - Completed initialization in 3 ms
2025-04-23 16:50:09 - INFO - [http-nio-8000-exec-1] c.c.c.controller.StudentController - test
2025-04-23 16:50:46 - INFO - [File Watcher] o.s.b.d.a.LocalDevToolsAutoConfiguration$RestartingClassPathChangeChangedEventListener - Restarting due to 1 class path change (0 additions, 0 deletions, 1 modification)
2025-04-23 16:50:46 - INFO - [Thread-5] o.s.b.w.e.tomcat.GracefulShutdown - Commencing graceful shutdown. Waiting for active requests to complete
2025-04-23 16:50:46 - INFO - [tomcat-shutdown] o.s.b.w.e.tomcat.GracefulShutdown - Graceful shutdown complete
2025-04-23 16:50:46 - INFO - [Thread-5] o.s.o.j.LocalContainerEntityManagerFactoryBean - Closing JPA EntityManagerFactory for persistence unit 'default'
2025-04-23 16:50:46 - INFO - [Thread-5] com.zaxxer.hikari.HikariDataSource - HikariPool-1 - Shutdown initiated...
2025-04-23 16:50:46 - INFO - [Thread-5] com.zaxxer.hikari.HikariDataSource - HikariPool-1 - Shutdown completed.
2025-04-23 16:50:47 - INFO - [restartedMain] c.c.codeWise.CodeWiseApplication - Starting CodeWiseApplication using Java 21.0.4 with PID 73525 (/Users/andreafusella/Desktop/Desktop/Progetti/CodeWise-Be/target/classes started by andreafusella in /Users/andreafusella/Desktop/Desktop/Progetti/CodeWise-Be)
2025-04-23 16:50:47 - INFO - [restartedMain] c.c.codeWise.CodeWiseApplication - No active profile set, falling back to 1 default profile: "default"
2025-04-23 16:50:47 - INFO - [restartedMain] o.s.d.r.c.RepositoryConfigurationDelegate - Bootstrapping Spring Data JPA repositories in DEFAULT mode.
2025-04-23 16:50:47 - INFO - [restartedMain] o.s.d.r.c.RepositoryConfigurationDelegate - Finished Spring Data repository scanning in 7 ms. Found 11 JPA repository interfaces.
2025-04-23 16:50:47 - INFO - [restartedMain] o.s.b.w.e.tomcat.TomcatWebServer - Tomcat initialized with port 8000 (http)
2025-04-23 16:50:47 - INFO - [restartedMain] o.a.catalina.core.StandardService - Starting service [Tomcat]
2025-04-23 16:50:47 - INFO - [restartedMain] o.a.catalina.core.StandardEngine - Starting Servlet engine: [Apache Tomcat/10.1.39]
2025-04-23 16:50:47 - INFO - [restartedMain] o.a.c.c.C.[Tomcat].[localhost].[/] - Initializing Spring embedded WebApplicationContext
2025-04-23 16:50:47 - INFO - [restartedMain] o.s.b.w.s.c.ServletWebServerApplicationContext - Root WebApplicationContext: initialization completed in 151 ms
2025-04-23 16:50:47 - INFO - [restartedMain] o.h.jpa.internal.util.LogHelper - HHH000204: Processing PersistenceUnitInfo [name: default]
2025-04-23 16:50:47 - INFO - [restartedMain] o.h.c.i.RegionFactoryInitiator - HHH000026: Second-level cache disabled
2025-04-23 16:50:47 - INFO - [restartedMain] o.s.o.j.p.SpringPersistenceUnitInfo - No LoadTimeWeaver setup: ignoring JPA class transformer
2025-04-23 16:50:47 - INFO - [restartedMain] com.zaxxer.hikari.HikariDataSource - HikariPool-2 - Starting...
2025-04-23 16:50:47 - INFO - [restartedMain] com.zaxxer.hikari.pool.HikariPool - HikariPool-2 - Added connection org.postgresql.jdbc.PgConnection@5d899ad1
2025-04-23 16:50:47 - INFO - [restartedMain] com.zaxxer.hikari.HikariDataSource - HikariPool-2 - Start completed.
2025-04-23 16:50:47 - WARN - [restartedMain] org.hibernate.orm.deprecation - HHH90000025: PostgreSQLDialect does not need to be specified explicitly using 'hibernate.dialect' (remove the property setting and it will be selected by default)
2025-04-23 16:50:47 - INFO - [restartedMain] o.hibernate.orm.connections.pooling - HHH10001005: Database info:
	Database JDBC URL [Connecting through datasource 'HikariDataSource (HikariPool-2)']
	Database driver: undefined/unknown
	Database version: 17.2
	Autocommit mode: undefined/unknown
	Isolation level: undefined/unknown
	Minimum pool size: undefined/unknown
	Maximum pool size: undefined/unknown
2025-04-23 16:50:47 - INFO - [restartedMain] o.h.e.t.j.p.i.JtaPlatformInitiator - HHH000489: No JTA platform available (set 'hibernate.transaction.jta.platform' to enable JTA platform integration)
2025-04-23 16:50:47 - INFO - [restartedMain] o.s.o.j.LocalContainerEntityManagerFactoryBean - Initialized JPA EntityManagerFactory for persistence unit 'default'
2025-04-23 16:50:47 - WARN - [restartedMain] o.s.b.a.o.j.JpaBaseConfiguration$JpaWebConfiguration - spring.jpa.open-in-view is enabled by default. Therefore, database queries may be performed during view rendering. Explicitly configure spring.jpa.open-in-view to disable this warning
2025-04-23 16:50:47 - INFO - [restartedMain] o.s.v.b.OptionalValidatorFactoryBean - Failed to set up a Bean Validation provider: jakarta.validation.NoProviderFoundException: Unable to create a Configuration, because no Jakarta Bean Validation provider could be found. Add a provider like Hibernate Validator (RI) to your classpath.
2025-04-23 16:50:47 - INFO - [restartedMain] o.s.b.d.a.OptionalLiveReloadServer - LiveReload server is running on port 35729
2025-04-23 16:50:47 - INFO - [restartedMain] o.s.b.w.e.tomcat.TomcatWebServer - Tomcat started on port 8000 (http) with context path '/'
2025-04-23 16:50:47 - INFO - [restartedMain] c.c.codeWise.CodeWiseApplication - Started CodeWiseApplication in 0.731 seconds (process running for 66.979)
2025-04-23 16:50:47 - INFO - [restartedMain] o.s.b.d.a.ConditionEvaluationDeltaLoggingListener - Condition evaluation unchanged
2025-04-23 16:56:52 - INFO - [File Watcher] o.s.b.d.a.LocalDevToolsAutoConfiguration$RestartingClassPathChangeChangedEventListener - Restarting due to 2 class path changes (0 additions, 0 deletions, 2 modifications)
2025-04-23 16:56:52 - INFO - [Thread-7] o.s.b.w.e.tomcat.GracefulShutdown - Commencing graceful shutdown. Waiting for active requests to complete
2025-04-23 16:56:52 - INFO - [tomcat-shutdown] o.s.b.w.e.tomcat.GracefulShutdown - Graceful shutdown complete
2025-04-23 16:56:52 - INFO - [Thread-7] o.s.o.j.LocalContainerEntityManagerFactoryBean - Closing JPA EntityManagerFactory for persistence unit 'default'
2025-04-23 16:56:52 - INFO - [Thread-7] com.zaxxer.hikari.HikariDataSource - HikariPool-2 - Shutdown initiated...
2025-04-23 16:56:52 - INFO - [Thread-7] com.zaxxer.hikari.HikariDataSource - HikariPool-2 - Shutdown completed.
2025-04-23 16:56:52 - INFO - [restartedMain] c.c.codeWise.CodeWiseApplication - Starting CodeWiseApplication using Java 21.0.4 with PID 73525 (/Users/andreafusella/Desktop/Desktop/Progetti/CodeWise-Be/target/classes started by andreafusella in /Users/andreafusella/Desktop/Desktop/Progetti/CodeWise-Be)
2025-04-23 16:56:52 - INFO - [restartedMain] c.c.codeWise.CodeWiseApplication - No active profile set, falling back to 1 default profile: "default"
2025-04-23 16:56:52 - INFO - [restartedMain] o.s.d.r.c.RepositoryConfigurationDelegate - Bootstrapping Spring Data JPA repositories in DEFAULT mode.
2025-04-23 16:56:52 - INFO - [restartedMain] o.s.d.r.c.RepositoryConfigurationDelegate - Finished Spring Data repository scanning in 14 ms. Found 11 JPA repository interfaces.
2025-04-23 16:56:52 - INFO - [restartedMain] o.s.b.w.e.tomcat.TomcatWebServer - Tomcat initialized with port 8000 (http)
2025-04-23 16:56:52 - INFO - [restartedMain] o.a.catalina.core.StandardService - Starting service [Tomcat]
2025-04-23 16:56:52 - INFO - [restartedMain] o.a.catalina.core.StandardEngine - Starting Servlet engine: [Apache Tomcat/10.1.39]
2025-04-23 16:56:52 - INFO - [restartedMain] o.a.c.c.C.[Tomcat].[localhost].[/] - Initializing Spring embedded WebApplicationContext
2025-04-23 16:56:52 - INFO - [restartedMain] o.s.b.w.s.c.ServletWebServerApplicationContext - Root WebApplicationContext: initialization completed in 149 ms
2025-04-23 16:56:52 - INFO - [restartedMain] o.h.jpa.internal.util.LogHelper - HHH000204: Processing PersistenceUnitInfo [name: default]
2025-04-23 16:56:52 - INFO - [restartedMain] o.h.c.i.RegionFactoryInitiator - HHH000026: Second-level cache disabled
2025-04-23 16:56:52 - INFO - [restartedMain] o.s.o.j.p.SpringPersistenceUnitInfo - No LoadTimeWeaver setup: ignoring JPA class transformer
2025-04-23 16:56:52 - INFO - [restartedMain] com.zaxxer.hikari.HikariDataSource - HikariPool-3 - Starting...
2025-04-23 16:56:52 - INFO - [restartedMain] com.zaxxer.hikari.pool.HikariPool - HikariPool-3 - Added connection org.postgresql.jdbc.PgConnection@6fd7ef8d
2025-04-23 16:56:52 - INFO - [restartedMain] com.zaxxer.hikari.HikariDataSource - HikariPool-3 - Start completed.
2025-04-23 16:56:52 - WARN - [restartedMain] org.hibernate.orm.deprecation - HHH90000025: PostgreSQLDialect does not need to be specified explicitly using 'hibernate.dialect' (remove the property setting and it will be selected by default)
2025-04-23 16:56:52 - INFO - [restartedMain] o.hibernate.orm.connections.pooling - HHH10001005: Database info:
	Database JDBC URL [Connecting through datasource 'HikariDataSource (HikariPool-3)']
	Database driver: undefined/unknown
	Database version: 17.2
	Autocommit mode: undefined/unknown
	Isolation level: undefined/unknown
	Minimum pool size: undefined/unknown
	Maximum pool size: undefined/unknown
2025-04-23 16:56:52 - INFO - [restartedMain] o.h.e.t.j.p.i.JtaPlatformInitiator - HHH000489: No JTA platform available (set 'hibernate.transaction.jta.platform' to enable JTA platform integration)
2025-04-23 16:56:53 - INFO - [restartedMain] o.s.o.j.LocalContainerEntityManagerFactoryBean - Initialized JPA EntityManagerFactory for persistence unit 'default'
2025-04-23 16:56:53 - WARN - [restartedMain] o.s.b.a.o.j.JpaBaseConfiguration$JpaWebConfiguration - spring.jpa.open-in-view is enabled by default. Therefore, database queries may be performed during view rendering. Explicitly configure spring.jpa.open-in-view to disable this warning
2025-04-23 16:56:53 - INFO - [restartedMain] o.s.v.b.OptionalValidatorFactoryBean - Failed to set up a Bean Validation provider: jakarta.validation.NoProviderFoundException: Unable to create a Configuration, because no Jakarta Bean Validation provider could be found. Add a provider like Hibernate Validator (RI) to your classpath.
2025-04-23 16:56:53 - INFO - [restartedMain] o.s.b.d.a.OptionalLiveReloadServer - LiveReload server is running on port 35729
2025-04-23 16:56:53 - INFO - [restartedMain] o.s.b.w.e.tomcat.TomcatWebServer - Tomcat started on port 8000 (http) with context path '/'
2025-04-23 16:56:53 - INFO - [restartedMain] c.c.codeWise.CodeWiseApplication - Started CodeWiseApplication in 0.669 seconds (process running for 432.515)
2025-04-23 16:56:53 - INFO - [restartedMain] o.s.b.d.a.ConditionEvaluationDeltaLoggingListener - Condition evaluation unchanged
2025-04-23 17:01:18 - INFO - [File Watcher] o.s.b.d.a.LocalDevToolsAutoConfiguration$RestartingClassPathChangeChangedEventListener - Restarting due to 1 class path change (0 additions, 0 deletions, 1 modification)
2025-04-23 17:01:18 - INFO - [Thread-11] o.s.b.w.e.tomcat.GracefulShutdown - Commencing graceful shutdown. Waiting for active requests to complete
2025-04-23 17:01:18 - INFO - [tomcat-shutdown] o.s.b.w.e.tomcat.GracefulShutdown - Graceful shutdown complete
2025-04-23 17:01:18 - INFO - [Thread-11] o.s.o.j.LocalContainerEntityManagerFactoryBean - Closing JPA EntityManagerFactory for persistence unit 'default'
2025-04-23 17:01:18 - INFO - [Thread-11] com.zaxxer.hikari.HikariDataSource - HikariPool-3 - Shutdown initiated...
2025-04-23 17:01:18 - INFO - [Thread-11] com.zaxxer.hikari.HikariDataSource - HikariPool-3 - Shutdown completed.
2025-04-23 17:01:18 - INFO - [restartedMain] c.c.codeWise.CodeWiseApplication - Starting CodeWiseApplication using Java 21.0.4 with PID 73525 (/Users/andreafusella/Desktop/Desktop/Progetti/CodeWise-Be/target/classes started by andreafusella in /Users/andreafusella/Desktop/Desktop/Progetti/CodeWise-Be)
2025-04-23 17:01:18 - INFO - [restartedMain] c.c.codeWise.CodeWiseApplication - No active profile set, falling back to 1 default profile: "default"
2025-04-23 17:01:19 - INFO - [restartedMain] o.s.d.r.c.RepositoryConfigurationDelegate - Bootstrapping Spring Data JPA repositories in DEFAULT mode.
2025-04-23 17:01:19 - INFO - [restartedMain] o.s.d.r.c.RepositoryConfigurationDelegate - Finished Spring Data repository scanning in 9 ms. Found 11 JPA repository interfaces.
2025-04-23 17:01:19 - INFO - [restartedMain] o.s.b.w.e.tomcat.TomcatWebServer - Tomcat initialized with port 8000 (http)
2025-04-23 17:01:19 - INFO - [restartedMain] o.a.catalina.core.StandardService - Starting service [Tomcat]
2025-04-23 17:01:19 - INFO - [restartedMain] o.a.catalina.core.StandardEngine - Starting Servlet engine: [Apache Tomcat/10.1.39]
2025-04-23 17:01:19 - INFO - [restartedMain] o.a.c.c.C.[Tomcat].[localhost].[/] - Initializing Spring embedded WebApplicationContext
2025-04-23 17:01:19 - INFO - [restartedMain] o.s.b.w.s.c.ServletWebServerApplicationContext - Root WebApplicationContext: initialization completed in 158 ms
2025-04-23 17:01:19 - INFO - [restartedMain] o.h.jpa.internal.util.LogHelper - HHH000204: Processing PersistenceUnitInfo [name: default]
2025-04-23 17:01:19 - INFO - [restartedMain] o.h.c.i.RegionFactoryInitiator - HHH000026: Second-level cache disabled
2025-04-23 17:01:19 - INFO - [restartedMain] o.s.o.j.p.SpringPersistenceUnitInfo - No LoadTimeWeaver setup: ignoring JPA class transformer
2025-04-23 17:01:19 - INFO - [restartedMain] com.zaxxer.hikari.HikariDataSource - HikariPool-4 - Starting...
2025-04-23 17:01:19 - INFO - [restartedMain] com.zaxxer.hikari.pool.HikariPool - HikariPool-4 - Added connection org.postgresql.jdbc.PgConnection@118fcd4
2025-04-23 17:01:19 - INFO - [restartedMain] com.zaxxer.hikari.HikariDataSource - HikariPool-4 - Start completed.
2025-04-23 17:01:19 - WARN - [restartedMain] org.hibernate.orm.deprecation - HHH90000025: PostgreSQLDialect does not need to be specified explicitly using 'hibernate.dialect' (remove the property setting and it will be selected by default)
2025-04-23 17:01:19 - INFO - [restartedMain] o.hibernate.orm.connections.pooling - HHH10001005: Database info:
	Database JDBC URL [Connecting through datasource 'HikariDataSource (HikariPool-4)']
	Database driver: undefined/unknown
	Database version: 17.2
	Autocommit mode: undefined/unknown
	Isolation level: undefined/unknown
	Minimum pool size: undefined/unknown
	Maximum pool size: undefined/unknown
2025-04-23 17:01:19 - INFO - [restartedMain] o.h.e.t.j.p.i.JtaPlatformInitiator - HHH000489: No JTA platform available (set 'hibernate.transaction.jta.platform' to enable JTA platform integration)
2025-04-23 17:01:19 - INFO - [restartedMain] o.s.o.j.LocalContainerEntityManagerFactoryBean - Initialized JPA EntityManagerFactory for persistence unit 'default'
2025-04-23 17:01:19 - WARN - [restartedMain] o.s.b.a.o.j.JpaBaseConfiguration$JpaWebConfiguration - spring.jpa.open-in-view is enabled by default. Therefore, database queries may be performed during view rendering. Explicitly configure spring.jpa.open-in-view to disable this warning
2025-04-23 17:01:19 - INFO - [restartedMain] o.s.v.b.OptionalValidatorFactoryBean - Failed to set up a Bean Validation provider: jakarta.validation.NoProviderFoundException: Unable to create a Configuration, because no Jakarta Bean Validation provider could be found. Add a provider like Hibernate Validator (RI) to your classpath.
2025-04-23 17:01:19 - INFO - [restartedMain] o.s.b.d.a.OptionalLiveReloadServer - LiveReload server is running on port 35729
2025-04-23 17:01:19 - INFO - [restartedMain] o.s.b.w.e.tomcat.TomcatWebServer - Tomcat started on port 8000 (http) with context path '/'
2025-04-23 17:01:19 - INFO - [restartedMain] c.c.codeWise.CodeWiseApplication - Started CodeWiseApplication in 0.646 seconds (process running for 698.805)
2025-04-23 17:01:19 - INFO - [restartedMain] o.s.b.d.a.ConditionEvaluationDeltaLoggingListener - Condition evaluation unchanged
2025-04-23 17:01:27 - INFO - [File Watcher] o.s.b.d.a.LocalDevToolsAutoConfiguration$RestartingClassPathChangeChangedEventListener - Restarting due to 1 class path change (0 additions, 0 deletions, 1 modification)
2025-04-23 17:01:27 - INFO - [Thread-15] o.s.b.w.e.tomcat.GracefulShutdown - Commencing graceful shutdown. Waiting for active requests to complete
2025-04-23 17:01:27 - INFO - [tomcat-shutdown] o.s.b.w.e.tomcat.GracefulShutdown - Graceful shutdown complete
2025-04-23 17:01:27 - INFO - [Thread-15] o.s.o.j.LocalContainerEntityManagerFactoryBean - Closing JPA EntityManagerFactory for persistence unit 'default'
2025-04-23 17:01:27 - INFO - [Thread-15] com.zaxxer.hikari.HikariDataSource - HikariPool-4 - Shutdown initiated...
2025-04-23 17:01:27 - INFO - [Thread-15] com.zaxxer.hikari.HikariDataSource - HikariPool-4 - Shutdown completed.
2025-04-23 17:01:27 - INFO - [restartedMain] c.c.codeWise.CodeWiseApplication - Starting CodeWiseApplication using Java 21.0.4 with PID 73525 (/Users/andreafusella/Desktop/Desktop/Progetti/CodeWise-Be/target/classes started by andreafusella in /Users/andreafusella/Desktop/Desktop/Progetti/CodeWise-Be)
2025-04-23 17:01:27 - INFO - [restartedMain] c.c.codeWise.CodeWiseApplication - No active profile set, falling back to 1 default profile: "default"
2025-04-23 17:01:27 - INFO - [restartedMain] o.s.d.r.c.RepositoryConfigurationDelegate - Bootstrapping Spring Data JPA repositories in DEFAULT mode.
2025-04-23 17:01:27 - INFO - [restartedMain] o.s.d.r.c.RepositoryConfigurationDelegate - Finished Spring Data repository scanning in 8 ms. Found 11 JPA repository interfaces.
2025-04-23 17:01:27 - INFO - [restartedMain] o.s.b.w.e.tomcat.TomcatWebServer - Tomcat initialized with port 8000 (http)
2025-04-23 17:01:27 - INFO - [restartedMain] o.a.catalina.core.StandardService - Starting service [Tomcat]
2025-04-23 17:01:27 - INFO - [restartedMain] o.a.catalina.core.StandardEngine - Starting Servlet engine: [Apache Tomcat/10.1.39]
2025-04-23 17:01:27 - INFO - [restartedMain] o.a.c.c.C.[Tomcat].[localhost].[/] - Initializing Spring embedded WebApplicationContext
2025-04-23 17:01:27 - INFO - [restartedMain] o.s.b.w.s.c.ServletWebServerApplicationContext - Root WebApplicationContext: initialization completed in 102 ms
2025-04-23 17:01:27 - INFO - [restartedMain] o.h.jpa.internal.util.LogHelper - HHH000204: Processing PersistenceUnitInfo [name: default]
2025-04-23 17:01:27 - INFO - [restartedMain] o.h.c.i.RegionFactoryInitiator - HHH000026: Second-level cache disabled
2025-04-23 17:01:27 - INFO - [restartedMain] o.s.o.j.p.SpringPersistenceUnitInfo - No LoadTimeWeaver setup: ignoring JPA class transformer
2025-04-23 17:01:27 - INFO - [restartedMain] com.zaxxer.hikari.HikariDataSource - HikariPool-5 - Starting...
2025-04-23 17:01:27 - INFO - [restartedMain] com.zaxxer.hikari.pool.HikariPool - HikariPool-5 - Added connection org.postgresql.jdbc.PgConnection@69bf8849
2025-04-23 17:01:27 - INFO - [restartedMain] com.zaxxer.hikari.HikariDataSource - HikariPool-5 - Start completed.
2025-04-23 17:01:27 - WARN - [restartedMain] org.hibernate.orm.deprecation - HHH90000025: PostgreSQLDialect does not need to be specified explicitly using 'hibernate.dialect' (remove the property setting and it will be selected by default)
2025-04-23 17:01:27 - INFO - [restartedMain] o.hibernate.orm.connections.pooling - HHH10001005: Database info:
	Database JDBC URL [Connecting through datasource 'HikariDataSource (HikariPool-5)']
	Database driver: undefined/unknown
	Database version: 17.2
	Autocommit mode: undefined/unknown
	Isolation level: undefined/unknown
	Minimum pool size: undefined/unknown
	Maximum pool size: undefined/unknown
2025-04-23 17:01:27 - INFO - [restartedMain] o.h.e.t.j.p.i.JtaPlatformInitiator - HHH000489: No JTA platform available (set 'hibernate.transaction.jta.platform' to enable JTA platform integration)
2025-04-23 17:01:27 - INFO - [restartedMain] o.s.o.j.LocalContainerEntityManagerFactoryBean - Initialized JPA EntityManagerFactory for persistence unit 'default'
2025-04-23 17:01:27 - WARN - [restartedMain] o.s.b.a.o.j.JpaBaseConfiguration$JpaWebConfiguration - spring.jpa.open-in-view is enabled by default. Therefore, database queries may be performed during view rendering. Explicitly configure spring.jpa.open-in-view to disable this warning
2025-04-23 17:01:27 - INFO - [restartedMain] o.s.v.b.OptionalValidatorFactoryBean - Failed to set up a Bean Validation provider: jakarta.validation.NoProviderFoundException: Unable to create a Configuration, because no Jakarta Bean Validation provider could be found. Add a provider like Hibernate Validator (RI) to your classpath.
2025-04-23 17:01:27 - INFO - [restartedMain] o.s.b.d.a.OptionalLiveReloadServer - LiveReload server is running on port 35729
2025-04-23 17:01:27 - INFO - [restartedMain] o.s.b.w.e.tomcat.TomcatWebServer - Tomcat started on port 8000 (http) with context path '/'
2025-04-23 17:01:27 - INFO - [restartedMain] c.c.codeWise.CodeWiseApplication - Started CodeWiseApplication in 0.566 seconds (process running for 706.937)
2025-04-23 17:01:27 - INFO - [restartedMain] o.s.b.d.a.ConditionEvaluationDeltaLoggingListener - Condition evaluation unchanged
2025-04-23 17:04:05 - INFO - [File Watcher] o.s.b.d.a.LocalDevToolsAutoConfiguration$RestartingClassPathChangeChangedEventListener - Restarting due to 1 class path change (0 additions, 0 deletions, 1 modification)
2025-04-23 17:04:05 - INFO - [Thread-19] o.s.b.w.e.tomcat.GracefulShutdown - Commencing graceful shutdown. Waiting for active requests to complete
2025-04-23 17:04:06 - INFO - [tomcat-shutdown] o.s.b.w.e.tomcat.GracefulShutdown - Graceful shutdown complete
2025-04-23 17:04:06 - INFO - [Thread-19] o.s.o.j.LocalContainerEntityManagerFactoryBean - Closing JPA EntityManagerFactory for persistence unit 'default'
2025-04-23 17:04:06 - INFO - [Thread-19] com.zaxxer.hikari.HikariDataSource - HikariPool-5 - Shutdown initiated...
2025-04-23 17:04:06 - INFO - [Thread-19] com.zaxxer.hikari.HikariDataSource - HikariPool-5 - Shutdown completed.
2025-04-23 17:04:06 - INFO - [restartedMain] c.c.codeWise.CodeWiseApplication - Starting CodeWiseApplication using Java 21.0.4 with PID 73525 (/Users/andreafusella/Desktop/Desktop/Progetti/CodeWise-Be/target/classes started by andreafusella in /Users/andreafusella/Desktop/Desktop/Progetti/CodeWise-Be)
2025-04-23 17:04:06 - INFO - [restartedMain] c.c.codeWise.CodeWiseApplication - No active profile set, falling back to 1 default profile: "default"
2025-04-23 17:04:06 - INFO - [restartedMain] o.s.d.r.c.RepositoryConfigurationDelegate - Bootstrapping Spring Data JPA repositories in DEFAULT mode.
2025-04-23 17:04:06 - INFO - [restartedMain] o.s.d.r.c.RepositoryConfigurationDelegate - Finished Spring Data repository scanning in 7 ms. Found 11 JPA repository interfaces.
2025-04-23 17:04:06 - INFO - [restartedMain] o.s.b.w.e.tomcat.TomcatWebServer - Tomcat initialized with port 8000 (http)
2025-04-23 17:04:06 - INFO - [restartedMain] o.a.catalina.core.StandardService - Starting service [Tomcat]
2025-04-23 17:04:06 - INFO - [restartedMain] o.a.catalina.core.StandardEngine - Starting Servlet engine: [Apache Tomcat/10.1.39]
2025-04-23 17:04:06 - INFO - [restartedMain] o.a.c.c.C.[Tomcat].[localhost].[/] - Initializing Spring embedded WebApplicationContext
2025-04-23 17:04:06 - INFO - [restartedMain] o.s.b.w.s.c.ServletWebServerApplicationContext - Root WebApplicationContext: initialization completed in 121 ms
2025-04-23 17:04:06 - INFO - [restartedMain] o.h.jpa.internal.util.LogHelper - HHH000204: Processing PersistenceUnitInfo [name: default]
2025-04-23 17:04:06 - INFO - [restartedMain] o.h.c.i.RegionFactoryInitiator - HHH000026: Second-level cache disabled
2025-04-23 17:04:06 - INFO - [restartedMain] o.s.o.j.p.SpringPersistenceUnitInfo - No LoadTimeWeaver setup: ignoring JPA class transformer
2025-04-23 17:04:06 - INFO - [restartedMain] com.zaxxer.hikari.HikariDataSource - HikariPool-6 - Starting...
2025-04-23 17:04:06 - INFO - [restartedMain] com.zaxxer.hikari.pool.HikariPool - HikariPool-6 - Added connection org.postgresql.jdbc.PgConnection@1c767449
2025-04-23 17:04:06 - INFO - [restartedMain] com.zaxxer.hikari.HikariDataSource - HikariPool-6 - Start completed.
2025-04-23 17:04:06 - WARN - [restartedMain] org.hibernate.orm.deprecation - HHH90000025: PostgreSQLDialect does not need to be specified explicitly using 'hibernate.dialect' (remove the property setting and it will be selected by default)
2025-04-23 17:04:06 - INFO - [restartedMain] o.hibernate.orm.connections.pooling - HHH10001005: Database info:
	Database JDBC URL [Connecting through datasource 'HikariDataSource (HikariPool-6)']
	Database driver: undefined/unknown
	Database version: 17.2
	Autocommit mode: undefined/unknown
	Isolation level: undefined/unknown
	Minimum pool size: undefined/unknown
	Maximum pool size: undefined/unknown
2025-04-23 17:04:06 - INFO - [restartedMain] o.h.e.t.j.p.i.JtaPlatformInitiator - HHH000489: No JTA platform available (set 'hibernate.transaction.jta.platform' to enable JTA platform integration)
2025-04-23 17:04:06 - INFO - [restartedMain] o.s.o.j.LocalContainerEntityManagerFactoryBean - Initialized JPA EntityManagerFactory for persistence unit 'default'
2025-04-23 17:04:06 - WARN - [restartedMain] o.s.b.a.o.j.JpaBaseConfiguration$JpaWebConfiguration - spring.jpa.open-in-view is enabled by default. Therefore, database queries may be performed during view rendering. Explicitly configure spring.jpa.open-in-view to disable this warning
2025-04-23 17:04:06 - INFO - [restartedMain] o.s.v.b.OptionalValidatorFactoryBean - Failed to set up a Bean Validation provider: jakarta.validation.NoProviderFoundException: Unable to create a Configuration, because no Jakarta Bean Validation provider could be found. Add a provider like Hibernate Validator (RI) to your classpath.
2025-04-23 17:04:06 - INFO - [restartedMain] o.s.b.d.a.OptionalLiveReloadServer - LiveReload server is running on port 35729
2025-04-23 17:04:06 - INFO - [restartedMain] o.s.b.w.e.tomcat.TomcatWebServer - Tomcat started on port 8000 (http) with context path '/'
2025-04-23 17:04:06 - INFO - [restartedMain] c.c.codeWise.CodeWiseApplication - Started CodeWiseApplication in 0.556 seconds (process running for 865.831)
2025-04-23 17:04:06 - INFO - [restartedMain] o.s.b.d.a.ConditionEvaluationDeltaLoggingListener - Condition evaluation unchanged
